<?xml version="1.0" encoding="UTF-8"?>
<testng-results skipped="0" failed="0" total="1" passed="1">
  <reporter-output>
  </reporter-output>
  <suite name="Suite" duration-ms="8201" started-at="2021-10-05T12:48:02Z" finished-at="2021-10-05T12:48:10Z">
    <groups>
    </groups>
    <test name="Test" duration-ms="8201" started-at="2021-10-05T12:48:02Z" finished-at="2021-10-05T12:48:10Z">
      <class name="example.NewTest1">
        <test-method status="PASS" signature="beforeTest()[pri:0, instance:example.NewTest1@4cc0edeb]" name="beforeTest" is-config="true" duration-ms="2920" started-at="2021-10-05T18:18:02Z" finished-at="2021-10-05T18:18:05Z">
          <reporter-output>
          </reporter-output>
        </test-method> <!-- beforeTest -->
        <test-method status="PASS" signature="testEasy()[pri:0, instance:example.NewTest1@4cc0edeb]" name="testEasy" duration-ms="4064" started-at="2021-10-05T18:18:05Z" finished-at="2021-10-05T18:18:09Z">
          <reporter-output>
          </reporter-output>
        </test-method> <!-- testEasy -->
        <test-method status="PASS" signature="afterTest()[pri:0, instance:example.NewTest1@4cc0edeb]" name="afterTest" is-config="true" duration-ms="1202" started-at="2021-10-05T18:18:09Z" finished-at="2021-10-05T18:18:10Z">
          <reporter-output>
          </reporter-output>
        </test-method> <!-- afterTest -->
      </class> <!-- example.NewTest1 -->
    </test> <!-- Test -->
  </suite> <!-- Suite -->
</testng-results>
