<?xml version="1.0" encoding="UTF-8"?>
<robot generator="Robot 4.1.2 (Python 3.10.0 on win32)" generated="20211129 08:59:02.913" rpa="false" schemaversion="2">
<suite id="s1" name="TC2SB" source="D:\UST\pycharm\Robot\RobotFramework\TestCases\TC2SB.robot">
<test id="s1-t1" name="Open Browser To Login Page">
<kw name="Open Browser" library="SeleniumLibrary">
<arg>${LOGIN URL}</arg>
<arg>${BROWSER}</arg>
<doc>Opens a new browser instance to the optional ``url``.</doc>
<msg timestamp="20211129 08:59:03.226" level="INFO">Opening browser 'chrome' to base url 'http://secure.smartbearsoftware.com/samples/testcomplete11/WebOrders/login.aspx'.</msg>
<status status="PASS" starttime="20211129 08:59:03.226" endtime="20211129 08:59:18.318"/>
</kw>
<kw name="Maximize Browser Window" library="SeleniumLibrary">
<doc>Maximizes current browser window.</doc>
<status status="PASS" starttime="20211129 08:59:18.319" endtime="20211129 08:59:18.611"/>
</kw>
<kw name="Set Selenium Speed" library="SeleniumLibrary">
<arg>${DELAY}</arg>
<doc>Sets the delay that is waited after each Selenium command.</doc>
<status status="PASS" starttime="20211129 08:59:18.611" endtime="20211129 08:59:18.611"/>
</kw>
<status status="PASS" starttime="20211129 08:59:03.226" endtime="20211129 08:59:18.611"/>
</test>
<test id="s1-t2" name="Go To Login Page">
<kw name="Go To" library="SeleniumLibrary">
<arg>${LOGIN URL}</arg>
<doc>Navigates the current browser window to the provided ``url``.</doc>
<msg timestamp="20211129 08:59:18.617" level="INFO">Opening url 'http://secure.smartbearsoftware.com/samples/testcomplete11/WebOrders/login.aspx'</msg>
<status status="PASS" starttime="20211129 08:59:18.617" endtime="20211129 08:59:18.928"/>
</kw>
<status status="PASS" starttime="20211129 08:59:18.611" endtime="20211129 08:59:18.930"/>
</test>
<test id="s1-t3" name="Input Username">
<kw name="Input Text" library="SeleniumLibrary">
<arg>ctl00_MainContent_username</arg>
<arg>${VALID USER}</arg>
<doc>Types the given ``text`` into the text field identified by ``locator``.</doc>
<msg timestamp="20211129 08:59:18.933" level="INFO">Typing text 'Tester' into text field 'ctl00_MainContent_username'.</msg>
<status status="PASS" starttime="20211129 08:59:18.933" endtime="20211129 08:59:19.047"/>
</kw>
<status status="PASS" starttime="20211129 08:59:18.932" endtime="20211129 08:59:19.047"/>
</test>
<test id="s1-t4" name="Input Password">
<kw name="Input Text" library="SeleniumLibrary">
<arg>ctl00$MainContent$password</arg>
<arg>${VALID PASSWORD}</arg>
<doc>Types the given ``text`` into the text field identified by ``locator``.</doc>
<msg timestamp="20211129 08:59:19.050" level="INFO">Typing text 'test' into text field 'ctl00$MainContent$password'.</msg>
<status status="PASS" starttime="20211129 08:59:19.050" endtime="20211129 08:59:19.134"/>
</kw>
<status status="PASS" starttime="20211129 08:59:19.049" endtime="20211129 08:59:19.135"/>
</test>
<test id="s1-t5" name="Submit Credentials">
<kw name="Click Button" library="SeleniumLibrary">
<arg>ctl00$MainContent$login_button</arg>
<doc>Clicks the button identified by ``locator``.</doc>
<msg timestamp="20211129 08:59:19.137" level="INFO">Clicking button 'ctl00$MainContent$login_button'.</msg>
<status status="PASS" starttime="20211129 08:59:19.137" endtime="20211129 08:59:20.505"/>
</kw>
<status status="PASS" starttime="20211129 08:59:19.136" endtime="20211129 08:59:20.506"/>
</test>
<test id="s1-t6" name="Welcome Page Should Be Open">
<kw name="Location Should Be" library="SeleniumLibrary">
<arg>${WELCOME URL}</arg>
<doc>Verifies that the current URL is exactly ``url``.</doc>
<msg timestamp="20211129 08:59:20.516" level="INFO">Current location is 'http://secure.smartbearsoftware.com/samples/TestComplete11/WebOrders/default.aspx'.</msg>
<status status="PASS" starttime="20211129 08:59:20.509" endtime="20211129 08:59:20.517"/>
</kw>
<kw name="Title Should Be" library="SeleniumLibrary">
<arg>Web Orders</arg>
<doc>Verifies that the current page title equals ``title``.</doc>
<msg timestamp="20211129 08:59:20.523" level="INFO">Page title is 'Web Orders'.</msg>
<status status="PASS" starttime="20211129 08:59:20.517" endtime="20211129 08:59:20.523"/>
</kw>
<status status="PASS" starttime="20211129 08:59:20.508" endtime="20211129 08:59:20.524"/>
</test>
<test id="s1-t7" name="Close Browser">
<kw name="Close Browser" library="SeleniumLibrary">
<doc>Closes the current browser.</doc>
<status status="PASS" starttime="20211129 08:59:20.527" endtime="20211129 08:59:22.841"/>
</kw>
<status status="PASS" starttime="20211129 08:59:20.526" endtime="20211129 08:59:22.841"/>
</test>
<status status="PASS" starttime="20211129 08:59:02.929" endtime="20211129 08:59:22.841"/>
</suite>
<statistics>
<total>
<stat pass="7" fail="0" skip="0">All Tests</stat>
</total>
<tag>
</tag>
<suite>
<stat pass="7" fail="0" skip="0" id="s1" name="TC2SB">TC2SB</stat>
</suite>
</statistics>
<errors>
</errors>
</robot>
